[2025-06-11 14:18:21,191] [INFO] === INICIANDO PROCESAMIENTO DE DATOS ===
[2025-06-11 14:18:21,197] [INFO] Datos originales - Productos: 10, Clientes: 20, Ventas: 5500, Inventario: 5000
[2025-06-11 14:18:21,197] [INFO] Limpiando productos...
[2025-06-11 14:18:21,199] [INFO] Limpiando clientes...
[2025-06-11 14:18:21,201] [INFO] Limpiando ventas...
[2025-06-11 14:18:21,211] [INFO] Limpiando inventario...
[2025-06-11 14:18:21,216] [INFO] Enriqueciendo ventas con ciudades...
[2025-06-11 14:18:21,219] [INFO] Datos procesados - Productos: 10, Clientes: 20, Ventas: 5407, Inventario: 4900
[2025-06-11 14:18:21,219] [INFO] Creando esquema de base de datos...
[2025-06-11 14:18:21,222] [INFO] Esquema creado exitosamente
[2025-06-11 14:18:21,222] [INFO] Cargando datos a la base de datos...
[2025-06-11 14:18:21,241] [INFO] Datos cargados exitosamente
[2025-06-11 14:18:21,241] [INFO] === PROCESAMIENTO COMPLETADO EXITOSAMENTE ===
[2025-06-11 15:21:28,599] [INFO] === INICIANDO PROCESAMIENTO DE DATOS ===
[2025-06-11 15:21:28,605] [INFO] Datos originales - Productos: 10, Clientes: 20, Ventas: 5500, Inventario: 5000
[2025-06-11 15:21:28,605] [INFO] Limpiando productos...
[2025-06-11 15:21:28,607] [INFO] Limpiando clientes...
[2025-06-11 15:21:28,609] [INFO] Limpiando ventas...
[2025-06-11 15:21:28,619] [INFO] Limpiando inventario...
[2025-06-11 15:21:28,626] [INFO] Enriqueciendo ventas con ciudades...
[2025-06-11 15:21:28,628] [INFO] Datos procesados - Productos: 10, Clientes: 20, Ventas: 5407, Inventario: 4900
[2025-06-11 15:21:28,628] [INFO] Creando esquema de base de datos...
[2025-06-11 15:21:28,639] [INFO] Esquema creado exitosamente
[2025-06-11 15:21:28,639] [INFO] Cargando datos a la base de datos...
[2025-06-11 15:21:28,655] [INFO] Datos cargados exitosamente
[2025-06-11 15:21:28,655] [INFO] === PROCESAMIENTO COMPLETADO EXITOSAMENTE ===
